nohup: ignoring input
Vocabulary size: 273279
Dataloader initialized!
Epoch 1/10 : loss = 2.136508432428162
Dataloader initialized!
Epoch 2/10 : loss = 1.012407754332117
Dataloader initialized!
Epoch 3/10 : loss = 0.7601925267000689
Dataloader initialized!
Epoch 4/10 : loss = 0.6360891872153072
Dataloader initialized!
Epoch 5/10 : loss = 0.5590078422049491
Dataloader initialized!
Epoch 6/10 : loss = 0.505328853446899
Dataloader initialized!
Epoch 7/10 : loss = 0.4655697174806431
Dataloader initialized!
Epoch 8/10 : loss = 0.43439963038912704
Dataloader initialized!
Epoch 9/10 : loss = 0.4091356514241561
Dataloader initialized!
Epoch 10/10 : loss = 0.3880464448379554
Minimal loss: 0.3880464448379554
Training finished!
